
Feb 19, 2022 15:04:43.704 NEW SESSION
Feb 19, 2022 15:04:43.707 [8924:5308:0219/150443.571:ERROR:chrome_browser_main_extra_parts_metrics.cc(227)] START: ReportBluetoothAvailability(). If you don't see the END: message, this is crbug.com/1216328.
Feb 19, 2022 15:04:43.709 [8924:5308:0219/150443.571:ERROR:chrome_browser_main_extra_parts_metrics.cc(230)] END: ReportBluetoothAvailability()
Feb 19, 2022 15:04:43.713 [8924:5308:0219/150443.571:ERROR:chrome_browser_main_extra_parts_metrics.cc(235)] START: GetDefaultBrowser(). If you don't see the END: message, this is crbug.com/1216328.
Feb 19, 2022 15:04:43.716 [8924:5308:0219/150443.577:ERROR:chrome_browser_main_extra_parts_metrics.cc(239)] END: GetDefaultBrowser()
Feb 19, 2022 15:04:43.719 [8924:8276:0219/150443.679:ERROR:device_event_log_impl.cc(214)] [15:04:43.679] USB: usb_device_handle_win.cc:1049 Failed to read descriptor from node connection: A device attached to the system is not functioning. (0x1F)
Feb 19, 2022 15:04:43.720 [8924:8276:0219/150443.680:ERROR:device_event_log_impl.cc(214)] [15:04:43.680] USB: usb_device_handle_win.cc:1049 Failed to read descriptor from node connection: A device attached to the system is not functioning. (0x1F)
Feb 19, 2022 15:04:43.759 [8924:8276:0219/150443.758:ERROR:device_event_log_impl.cc(214)] [15:04:43.758] Bluetooth: bluetooth_adapter_winrt.cc:1206 Getting Radio failed. Chrome will be unable to change the power state by itself.
Feb 19, 2022 15:04:43.831 [8924:8276:0219/150443.829:ERROR:device_event_log_impl.cc(214)] [15:04:43.829] Bluetooth: bluetooth_adapter_winrt.cc:1299 OnPoweredRadiosEnumerated(), Number of Powered Radios: 0

Feb 20, 2022 21:08:48.600 NEW SESSION
Feb 20, 2022 21:08:48.600 [7420:1976:0220/210848.548:ERROR:chrome_browser_main_extra_parts_metrics.cc(227)] START: ReportBluetoothAvailability(). If you don't see the END: message, this is crbug.com/1216328.
Feb 20, 2022 21:08:48.604 [7420:1976:0220/210848.548:ERROR:chrome_browser_main_extra_parts_metrics.cc(230)] END: ReportBluetoothAvailability()
Feb 20, 2022 21:08:48.605 [7420:1976:0220/210848.548:ERROR:chrome_browser_main_extra_parts_metrics.cc(235)] START: GetDefaultBrowser(). If you don't see the END: message, this is crbug.com/1216328.
Feb 20, 2022 21:08:48.606 [7420:1976:0220/210848.552:ERROR:chrome_browser_main_extra_parts_metrics.cc(239)] END: GetDefaultBrowser()
Feb 20, 2022 21:08:48.672 [7420:1972:0220/210848.671:ERROR:device_event_log_impl.cc(214)] [21:08:48.671] USB: usb_device_handle_win.cc:1049 Failed to read descriptor from node connection: A device attached to the system is not functioning. (0x1F)
Feb 20, 2022 21:08:48.673 [7420:1972:0220/210848.672:ERROR:device_event_log_impl.cc(214)] [21:08:48.672] USB: usb_device_handle_win.cc:1049 Failed to read descriptor from node connection: A device attached to the system is not functioning. (0x1F)
Feb 20, 2022 21:08:48.751 [7420:1972:0220/210848.750:ERROR:device_event_log_impl.cc(214)] [21:08:48.750] Bluetooth: bluetooth_adapter_winrt.cc:1206 Getting Radio failed. Chrome will be unable to change the power state by itself.
Feb 20, 2022 21:08:48.820 [7420:1972:0220/210848.818:ERROR:device_event_log_impl.cc(214)] [21:08:48.818] Bluetooth: bluetooth_adapter_winrt.cc:1299 OnPoweredRadiosEnumerated(), Number of Powered Radios: 0
Feb 20, 2022 21:15:00.264 [7420:1972:0220/211500.261:ERROR:interface_endpoint_client.cc(658)] Message 0 rejected by interface blink.mojom.WidgetHost
Feb 20, 2022 21:15:00.270 [7420:1972:0220/211500.261:ERROR:interface_endpoint_client.cc(658)] Message 0 rejected by interface blink.mojom.WidgetHost
Feb 20, 2022 23:18:06.826 [3688:3748:0220/231806.818:ERROR:chrome_browser_main_extra_parts_metrics.cc(227)] START: ReportBluetoothAvailability(). If you don't see the END: message, this is crbug.com/1216328.
Feb 20, 2022 23:18:06.836 [3688:3748:0220/231806.821:ERROR:chrome_browser_main_extra_parts_metrics.cc(230)] END: ReportBluetoothAvailability()
Feb 20, 2022 23:18:06.838 [3688:3748:0220/231806.821:ERROR:chrome_browser_main_extra_parts_metrics.cc(235)] START: GetDefaultBrowser(). If you don't see the END: message, this is crbug.com/1216328.
Feb 20, 2022 23:18:06.853 [3688:3748:0220/231806.835:ERROR:chrome_browser_main_extra_parts_metrics.cc(239)] END: GetDefaultBrowser()
Feb 20, 2022 23:18:06.928 [3688:8380:0220/231806.926:ERROR:device_event_log_impl.cc(214)] [23:18:06.927] USB: usb_device_handle_win.cc:1049 Failed to read descriptor from node connection: A device attached to the system is not functioning. (0x1F)
Feb 20, 2022 23:18:06.929 [3688:8380:0220/231806.927:ERROR:device_event_log_impl.cc(214)] [23:18:06.928] USB: usb_device_handle_win.cc:1049 Failed to read descriptor from node connection: A device attached to the system is not functioning. (0x1F)
Feb 20, 2022 23:18:07.00 [3688:8380:0220/231807.000:ERROR:device_event_log_impl.cc(214)] [23:18:07.000] Bluetooth: bluetooth_adapter_winrt.cc:1206 Getting Radio failed. Chrome will be unable to change the power state by itself.
Feb 20, 2022 23:18:07.66 [3688:8380:0220/231807.064:ERROR:device_event_log_impl.cc(214)] [23:18:07.064] Bluetooth: bluetooth_adapter_winrt.cc:1299 OnPoweredRadiosEnumerated(), Number of Powered Radios: 0

Feb 21, 2022 12:55:24.292 NEW SESSION
Feb 21, 2022 12:55:24.295 [7288:2712:0221/125524.270:ERROR:chrome_browser_main_extra_parts_metrics.cc(227)] START: ReportBluetoothAvailability(). If you don't see the END: message, this is crbug.com/1216328.
Feb 21, 2022 12:55:24.299 [7288:2712:0221/125524.271:ERROR:chrome_browser_main_extra_parts_metrics.cc(230)] END: ReportBluetoothAvailability()
Feb 21, 2022 12:55:24.302 [7288:2712:0221/125524.271:ERROR:chrome_browser_main_extra_parts_metrics.cc(235)] START: GetDefaultBrowser(). If you don't see the END: message, this is crbug.com/1216328.
Feb 21, 2022 12:55:24.305 [7288:2712:0221/125524.286:ERROR:chrome_browser_main_extra_parts_metrics.cc(239)] END: GetDefaultBrowser()
Feb 21, 2022 12:55:24.389 [7288:5612:0221/125524.389:ERROR:device_event_log_impl.cc(214)] [12:55:24.389] USB: usb_device_handle_win.cc:1049 Failed to read descriptor from node connection: A device attached to the system is not functioning. (0x1F)
Feb 21, 2022 12:55:24.392 [7288:5612:0221/125524.390:ERROR:device_event_log_impl.cc(214)] [12:55:24.391] USB: usb_device_handle_win.cc:1049 Failed to read descriptor from node connection: A device attached to the system is not functioning. (0x1F)
Feb 21, 2022 12:55:24.475 [7288:5612:0221/125524.474:ERROR:device_event_log_impl.cc(214)] [12:55:24.474] Bluetooth: bluetooth_adapter_winrt.cc:1206 Getting Radio failed. Chrome will be unable to change the power state by itself.
Feb 21, 2022 12:55:24.533 [7288:5612:0221/125524.531:ERROR:device_event_log_impl.cc(214)] [12:55:24.532] Bluetooth: bluetooth_adapter_winrt.cc:1299 OnPoweredRadiosEnumerated(), Number of Powered Radios: 0
Feb 21, 2022 13:17:20.57 [9304:6704:0221/131720.033:ERROR:chrome_browser_main_extra_parts_metrics.cc(227)] START: ReportBluetoothAvailability(). If you don't see the END: message, this is crbug.com/1216328.
Feb 21, 2022 13:17:20.116 [9304:6704:0221/131720.036:ERROR:chrome_browser_main_extra_parts_metrics.cc(230)] END: ReportBluetoothAvailability()
Feb 21, 2022 13:17:20.117 [9304:6704:0221/131720.036:ERROR:chrome_browser_main_extra_parts_metrics.cc(235)] START: GetDefaultBrowser(). If you don't see the END: message, this is crbug.com/1216328.
Feb 21, 2022 13:17:20.119 [9304:6704:0221/131720.077:ERROR:chrome_browser_main_extra_parts_metrics.cc(239)] END: GetDefaultBrowser()
Feb 21, 2022 13:17:20.161 [9304:5404:0221/131720.134:ERROR:device_event_log_impl.cc(214)] [13:17:20.134] USB: usb_device_handle_win.cc:1049 Failed to read descriptor from node connection: A device attached to the system is not functioning. (0x1F)
Feb 21, 2022 13:17:20.165 [9304:5404:0221/131720.151:ERROR:device_event_log_impl.cc(214)] [13:17:20.151] USB: usb_device_handle_win.cc:1049 Failed to read descriptor from node connection: A device attached to the system is not functioning. (0x1F)
Feb 21, 2022 13:17:20.377 [9304:5404:0221/131720.375:ERROR:device_event_log_impl.cc(214)] [13:17:20.375] Bluetooth: bluetooth_adapter_winrt.cc:1206 Getting Radio failed. Chrome will be unable to change the power state by itself.
Feb 21, 2022 13:17:20.467 [9304:5404:0221/131720.466:ERROR:device_event_log_impl.cc(214)] [13:17:20.465] Bluetooth: bluetooth_adapter_winrt.cc:1299 OnPoweredRadiosEnumerated(), Number of Powered Radios: 0
Feb 21, 2022 14:32:35.166 [9304:5404:0221/143235.136:ERROR:device_event_log_impl.cc(214)] [14:32:35.135] Bluetooth: bluetooth_adapter_winrt.cc:1206 Getting Radio failed. Chrome will be unable to change the power state by itself.
Feb 21, 2022 14:32:35.236 [9304:5404:0221/143235.190:ERROR:device_event_log_impl.cc(214)] [14:32:35.189] Bluetooth: bluetooth_adapter_winrt.cc:1299 OnPoweredRadiosEnumerated(), Number of Powered Radios: 0
Feb 21, 2022 14:36:08.283 [9304:5404:0221/143608.261:ERROR:sharing_service.cc(252)] Device un-registration failed with fatal error
Feb 21, 2022 14:36:12.846 [9304:5404:0221/143612.844:ERROR:device_event_log_impl.cc(214)] [14:36:12.844] Bluetooth: bluetooth_adapter_winrt.cc:1206 Getting Radio failed. Chrome will be unable to change the power state by itself.
Feb 21, 2022 14:36:12.888 [9304:5404:0221/143612.887:ERROR:device_event_log_impl.cc(214)] [14:36:12.886] Bluetooth: bluetooth_adapter_winrt.cc:1299 OnPoweredRadiosEnumerated(), Number of Powered Radios: 0
Feb 21, 2022 14:39:18.93 [10140:10164:0221/143918.085:ERROR:chrome_browser_main_extra_parts_metrics.cc(227)] START: ReportBluetoothAvailability(). If you don't see the END: message, this is crbug.com/1216328.
Feb 21, 2022 14:39:18.98 [10140:10164:0221/143918.087:ERROR:chrome_browser_main_extra_parts_metrics.cc(230)] END: ReportBluetoothAvailability()
Feb 21, 2022 14:39:18.99 [10140:10164:0221/143918.087:ERROR:chrome_browser_main_extra_parts_metrics.cc(235)] START: GetDefaultBrowser(). If you don't see the END: message, this is crbug.com/1216328.
Feb 21, 2022 14:39:18.100 [10140:10164:0221/143918.095:ERROR:chrome_browser_main_extra_parts_metrics.cc(239)] END: GetDefaultBrowser()
Feb 21, 2022 14:39:18.198 [10140:1012:0221/143918.197:ERROR:device_event_log_impl.cc(214)] [14:39:18.197] USB: usb_device_handle_win.cc:1049 Failed to read descriptor from node connection: A device attached to the system is not functioning. (0x1F)
Feb 21, 2022 14:39:18.200 [10140:1012:0221/143918.199:ERROR:device_event_log_impl.cc(214)] [14:39:18.199] USB: usb_device_handle_win.cc:1049 Failed to read descriptor from node connection: A device attached to the system is not functioning. (0x1F)
Feb 21, 2022 14:39:18.263 [10140:1012:0221/143918.262:ERROR:device_event_log_impl.cc(214)] [14:39:18.262] Bluetooth: bluetooth_adapter_winrt.cc:1206 Getting Radio failed. Chrome will be unable to change the power state by itself.
Feb 21, 2022 14:39:18.339 [10140:1012:0221/143918.334:ERROR:device_event_log_impl.cc(214)] [14:39:18.333] Bluetooth: bluetooth_adapter_winrt.cc:1299 OnPoweredRadiosEnumerated(), Number of Powered Radios: 0
Feb 21, 2022 14:46:47.424 [2764:5768:0221/144647.419:ERROR:chrome_browser_main_extra_parts_metrics.cc(227)] START: ReportBluetoothAvailability(). If you don't see the END: message, this is crbug.com/1216328.
Feb 21, 2022 14:46:47.434 [2764:5768:0221/144647.419:ERROR:chrome_browser_main_extra_parts_metrics.cc(230)] END: ReportBluetoothAvailability()
Feb 21, 2022 14:46:47.437 [2764:5768:0221/144647.419:ERROR:chrome_browser_main_extra_parts_metrics.cc(235)] START: GetDefaultBrowser(). If you don't see the END: message, this is crbug.com/1216328.
Feb 21, 2022 14:46:47.438 [2764:5768:0221/144647.423:ERROR:chrome_browser_main_extra_parts_metrics.cc(239)] END: GetDefaultBrowser()
Feb 21, 2022 14:46:47.535 [2764:8640:0221/144647.533:ERROR:device_event_log_impl.cc(214)] [14:46:47.533] USB: usb_device_handle_win.cc:1049 Failed to read descriptor from node connection: A device attached to the system is not functioning. (0x1F)
Feb 21, 2022 14:46:47.536 [2764:8640:0221/144647.534:ERROR:device_event_log_impl.cc(214)] [14:46:47.534] USB: usb_device_handle_win.cc:1049 Failed to read descriptor from node connection: A device attached to the system is not functioning. (0x1F)
Feb 21, 2022 14:46:47.647 [2764:8640:0221/144647.646:ERROR:device_event_log_impl.cc(214)] [14:46:47.647] Bluetooth: bluetooth_adapter_winrt.cc:1206 Getting Radio failed. Chrome will be unable to change the power state by itself.
Feb 21, 2022 14:46:47.732 [2764:8640:0221/144647.731:ERROR:device_event_log_impl.cc(214)] [14:46:47.731] Bluetooth: bluetooth_adapter_winrt.cc:1299 OnPoweredRadiosEnumerated(), Number of Powered Radios: 0

Feb 28, 2022 12:24:45.89 NEW SESSION
Feb 28, 2022 12:24:45.90 [4184:7476:0228/122445.009:ERROR:chrome_browser_main_extra_parts_metrics.cc(227)] START: ReportBluetoothAvailability(). If you don't see the END: message, this is crbug.com/1216328.
Feb 28, 2022 12:24:45.94 [4184:7476:0228/122445.009:ERROR:chrome_browser_main_extra_parts_metrics.cc(230)] END: ReportBluetoothAvailability()
Feb 28, 2022 12:24:45.97 [4184:7476:0228/122445.009:ERROR:chrome_browser_main_extra_parts_metrics.cc(235)] START: GetDefaultBrowser(). If you don't see the END: message, this is crbug.com/1216328.
Feb 28, 2022 12:24:45.98 [4184:7476:0228/122445.014:ERROR:chrome_browser_main_extra_parts_metrics.cc(239)] END: GetDefaultBrowser()
Feb 28, 2022 12:24:45.135 [4184:9836:0228/122445.135:ERROR:device_event_log_impl.cc(214)] [12:24:45.134] USB: usb_device_handle_win.cc:1049 Failed to read descriptor from node connection: A device attached to the system is not functioning. (0x1F)
Feb 28, 2022 12:24:45.139 [4184:9836:0228/122445.138:ERROR:device_event_log_impl.cc(214)] [12:24:45.137] USB: usb_device_handle_win.cc:1049 Failed to read descriptor from node connection: A device attached to the system is not functioning. (0x1F)
Feb 28, 2022 12:24:45.206 [4184:9836:0228/122445.206:ERROR:device_event_log_impl.cc(214)] [12:24:45.206] Bluetooth: bluetooth_adapter_winrt.cc:1206 Getting Radio failed. Chrome will be unable to change the power state by itself.
Feb 28, 2022 12:24:45.285 [4184:9836:0228/122445.284:ERROR:device_event_log_impl.cc(214)] [12:24:45.283] Bluetooth: bluetooth_adapter_winrt.cc:1299 OnPoweredRadiosEnumerated(), Number of Powered Radios: 0
Feb 28, 2022 13:57:26.14 [4184:9836:0228/135725.990:ERROR:interface_endpoint_client.cc(658)] Message 3 rejected by interface blink.mojom.Widget
Feb 28, 2022 13:57:26.266 [4184:9836:0228/135726.265:ERROR:interface_endpoint_client.cc(658)] Message 3 rejected by interface blink.mojom.Widget
Feb 28, 2022 14:41:28.634 [4184:9836:0228/144128.594:ERROR:CONSOLE(1)] "Uncaught (in promise) Error: Node cannot be found in the current page.", source: devtools://devtools/bundled/devtools-frontend/front_end/panels/elements/elements.js (1)
Feb 28, 2022 17:30:37.158 [4184:9836:0228/173037.122:ERROR:device_event_log_impl.cc(214)] [17:30:37.122] USB: usb_service_win.cc:260 Failed to get device driver name: Element not found. (0x490)
Feb 28, 2022 19:05:26.795 [10984:11236:0228/190526.787:ERROR:chrome_browser_main_extra_parts_metrics.cc(227)] START: ReportBluetoothAvailability(). If you don't see the END: message, this is crbug.com/1216328.
Feb 28, 2022 19:05:26.842 [10984:11236:0228/190526.787:ERROR:chrome_browser_main_extra_parts_metrics.cc(230)] END: ReportBluetoothAvailability()
Feb 28, 2022 19:05:26.845 [10984:11236:0228/190526.787:ERROR:chrome_browser_main_extra_parts_metrics.cc(235)] START: GetDefaultBrowser(). If you don't see the END: message, this is crbug.com/1216328.
Feb 28, 2022 19:05:26.846 [10984:11236:0228/190526.790:ERROR:chrome_browser_main_extra_parts_metrics.cc(239)] END: GetDefaultBrowser()
Feb 28, 2022 19:05:26.886 [10984:12112:0228/190526.886:ERROR:device_event_log_impl.cc(214)] [19:05:26.886] USB: usb_device_handle_win.cc:1049 Failed to read descriptor from node connection: A device attached to the system is not functioning. (0x1F)
Feb 28, 2022 19:05:26.888 [10984:12112:0228/190526.888:ERROR:device_event_log_impl.cc(214)] [19:05:26.888] USB: usb_device_handle_win.cc:1049 Failed to read descriptor from node connection: A device attached to the system is not functioning. (0x1F)
Feb 28, 2022 19:05:26.986 [10984:12112:0228/190526.985:ERROR:device_event_log_impl.cc(214)] [19:05:26.985] Bluetooth: bluetooth_adapter_winrt.cc:1206 Getting Radio failed. Chrome will be unable to change the power state by itself.
Feb 28, 2022 19:05:27.69 [10984:12112:0228/190527.063:ERROR:device_event_log_impl.cc(214)] [19:05:27.063] Bluetooth: bluetooth_adapter_winrt.cc:1299 OnPoweredRadiosEnumerated(), Number of Powered Radios: 0
Feb 28, 2022 19:10:06.571 [1112:8972:0228/191006.551:ERROR:chrome_browser_main_extra_parts_metrics.cc(227)] START: ReportBluetoothAvailability(). If you don't see the END: message, this is crbug.com/1216328.
Feb 28, 2022 19:10:06.588 [1112:8972:0228/191006.553:ERROR:chrome_browser_main_extra_parts_metrics.cc(230)] END: ReportBluetoothAvailability()
Feb 28, 2022 19:10:06.589 [1112:8972:0228/191006.553:ERROR:chrome_browser_main_extra_parts_metrics.cc(235)] START: GetDefaultBrowser(). If you don't see the END: message, this is crbug.com/1216328.
Feb 28, 2022 19:10:06.597 [1112:8972:0228/191006.595:ERROR:chrome_browser_main_extra_parts_metrics.cc(239)] END: GetDefaultBrowser()
Feb 28, 2022 19:10:06.648 [1112:6208:0228/191006.647:ERROR:device_event_log_impl.cc(214)] [19:10:06.647] USB: usb_device_handle_win.cc:1049 Failed to read descriptor from node connection: A device attached to the system is not functioning. (0x1F)
Feb 28, 2022 19:10:06.723 [1112:6208:0228/191006.694:ERROR:device_event_log_impl.cc(214)] [19:10:06.694] USB: usb_device_handle_win.cc:1049 Failed to read descriptor from node connection: A device attached to the system is not functioning. (0x1F)
Feb 28, 2022 19:10:06.954 [1112:6208:0228/191006.950:ERROR:device_event_log_impl.cc(214)] [19:10:06.950] Bluetooth: bluetooth_adapter_winrt.cc:1206 Getting Radio failed. Chrome will be unable to change the power state by itself.
Feb 28, 2022 19:10:07.29 [1112:6208:0228/191007.028:ERROR:interface_endpoint_client.cc(658)] Message 0 rejected by interface blink.mojom.WidgetHost
Feb 28, 2022 19:10:07.56 [1112:6208:0228/191007.045:ERROR:device_event_log_impl.cc(214)] [19:10:07.045] Bluetooth: bluetooth_adapter_winrt.cc:1299 OnPoweredRadiosEnumerated(), Number of Powered Radios: 0
Feb 28, 2022 19:38:26.275 [3900:10280:0228/193826.261:ERROR:chrome_browser_main_extra_parts_metrics.cc(227)] START: ReportBluetoothAvailability(). If you don't see the END: message, this is crbug.com/1216328.
Feb 28, 2022 19:38:26.303 [3900:10280:0228/193826.261:ERROR:chrome_browser_main_extra_parts_metrics.cc(230)] END: ReportBluetoothAvailability()
Feb 28, 2022 19:38:26.304 [3900:10280:0228/193826.261:ERROR:chrome_browser_main_extra_parts_metrics.cc(235)] START: GetDefaultBrowser(). If you don't see the END: message, this is crbug.com/1216328.
Feb 28, 2022 19:38:26.306 [3900:10280:0228/193826.265:ERROR:chrome_browser_main_extra_parts_metrics.cc(239)] END: GetDefaultBrowser()
Feb 28, 2022 19:38:26.384 [3900:3920:0228/193826.383:ERROR:device_event_log_impl.cc(214)] [19:38:26.383] USB: usb_device_handle_win.cc:1049 Failed to read descriptor from node connection: A device attached to the system is not functioning. (0x1F)
Feb 28, 2022 19:38:26.385 [3900:3920:0228/193826.384:ERROR:device_event_log_impl.cc(214)] [19:38:26.384] USB: usb_device_handle_win.cc:1049 Failed to read descriptor from node connection: A device attached to the system is not functioning. (0x1F)
Feb 28, 2022 19:38:26.467 [3900:3920:0228/193826.466:ERROR:device_event_log_impl.cc(214)] [19:38:26.466] Bluetooth: bluetooth_adapter_winrt.cc:1206 Getting Radio failed. Chrome will be unable to change the power state by itself.
Feb 28, 2022 19:38:26.547 [3900:3920:0228/193826.547:ERROR:device_event_log_impl.cc(214)] [19:38:26.546] Bluetooth: bluetooth_adapter_winrt.cc:1299 OnPoweredRadiosEnumerated(), Number of Powered Radios: 0
Feb 28, 2022 19:39:58.712 [7336:6668:0228/193958.708:ERROR:chrome_browser_main_extra_parts_metrics.cc(227)] START: ReportBluetoothAvailability(). If you don't see the END: message, this is crbug.com/1216328.
Feb 28, 2022 19:39:58.720 [7336:6668:0228/193958.708:ERROR:chrome_browser_main_extra_parts_metrics.cc(230)] END: ReportBluetoothAvailability()
Feb 28, 2022 19:39:58.722 [7336:6668:0228/193958.708:ERROR:chrome_browser_main_extra_parts_metrics.cc(235)] START: GetDefaultBrowser(). If you don't see the END: message, this is crbug.com/1216328.
Feb 28, 2022 19:39:58.726 [7336:6668:0228/193958.712:ERROR:chrome_browser_main_extra_parts_metrics.cc(239)] END: GetDefaultBrowser()
Feb 28, 2022 19:39:58.820 [7336:10636:0228/193958.817:ERROR:device_event_log_impl.cc(214)] [19:39:58.817] USB: usb_device_handle_win.cc:1049 Failed to read descriptor from node connection: A device attached to the system is not functioning. (0x1F)
Feb 28, 2022 19:39:58.822 [7336:10636:0228/193958.819:ERROR:device_event_log_impl.cc(214)] [19:39:58.819] USB: usb_device_handle_win.cc:1049 Failed to read descriptor from node connection: A device attached to the system is not functioning. (0x1F)
Feb 28, 2022 19:39:58.899 [7336:10636:0228/193958.898:ERROR:device_event_log_impl.cc(214)] [19:39:58.899] Bluetooth: bluetooth_adapter_winrt.cc:1206 Getting Radio failed. Chrome will be unable to change the power state by itself.
Feb 28, 2022 19:39:58.982 [7336:10636:0228/193958.978:ERROR:device_event_log_impl.cc(214)] [19:39:58.978] Bluetooth: bluetooth_adapter_winrt.cc:1299 OnPoweredRadiosEnumerated(), Number of Powered Radios: 0
Feb 28, 2022 19:40:35.341 [7336:10636:0228/194035.336:ERROR:interface_endpoint_client.cc(658)] Message 0 rejected by interface blink.mojom.WidgetHost
Feb 28, 2022 19:43:51.553 [7336:10636:0228/194351.547:ERROR:interface_endpoint_client.cc(658)] Message 0 rejected by interface blink.mojom.WidgetHost
Feb 28, 2022 19:56:10.11 [7336:10636:0228/195610.000:ERROR:device_event_log_impl.cc(214)] [19:56:10.000] USB: usb_service_win.cc:260 Failed to get device driver name: Element not found. (0x490)

Mar 01, 2022 12:12:05.478 NEW SESSION
Mar 01, 2022 12:12:05.479 [8472:5368:0301/121205.443:ERROR:chrome_browser_main_extra_parts_metrics.cc(227)] START: ReportBluetoothAvailability(). If you don't see the END: message, this is crbug.com/1216328.
Mar 01, 2022 12:12:05.482 [8472:5368:0301/121205.445:ERROR:chrome_browser_main_extra_parts_metrics.cc(230)] END: ReportBluetoothAvailability()
Mar 01, 2022 12:12:05.484 [8472:5368:0301/121205.445:ERROR:chrome_browser_main_extra_parts_metrics.cc(235)] START: GetDefaultBrowser(). If you don't see the END: message, this is crbug.com/1216328.
Mar 01, 2022 12:12:05.488 [8472:5368:0301/121205.488:ERROR:chrome_browser_main_extra_parts_metrics.cc(239)] END: GetDefaultBrowser()
Mar 01, 2022 12:12:05.571 [8472:880:0301/121205.570:ERROR:device_event_log_impl.cc(214)] [12:12:05.570] USB: usb_device_handle_win.cc:1049 Failed to read descriptor from node connection: A device attached to the system is not functioning. (0x1F)
Mar 01, 2022 12:12:05.572 [8472:880:0301/121205.571:ERROR:device_event_log_impl.cc(214)] [12:12:05.571] USB: usb_device_handle_win.cc:1049 Failed to read descriptor from node connection: A device attached to the system is not functioning. (0x1F)
Mar 01, 2022 12:12:05.685 [8472:880:0301/121205.684:ERROR:device_event_log_impl.cc(214)] [12:12:05.684] Bluetooth: bluetooth_adapter_winrt.cc:1206 Getting Radio failed. Chrome will be unable to change the power state by itself.
Mar 01, 2022 12:12:05.767 [8472:880:0301/121205.767:ERROR:device_event_log_impl.cc(214)] [12:12:05.766] Bluetooth: bluetooth_adapter_winrt.cc:1299 OnPoweredRadiosEnumerated(), Number of Powered Radios: 0

Mar 06, 2022 20:25:00.371 NEW SESSION
Mar 06, 2022 20:25:00.372 [5280:9028:0306/202500.360:ERROR:chrome_browser_main_extra_parts_metrics.cc(227)] START: ReportBluetoothAvailability(). If you don't see the END: message, this is crbug.com/1216328.
Mar 06, 2022 20:25:00.373 [5280:9028:0306/202500.361:ERROR:chrome_browser_main_extra_parts_metrics.cc(230)] END: ReportBluetoothAvailability()
Mar 06, 2022 20:25:00.374 [5280:9028:0306/202500.361:ERROR:chrome_browser_main_extra_parts_metrics.cc(235)] START: GetDefaultBrowser(). If you don't see the END: message, this is crbug.com/1216328.
Mar 06, 2022 20:25:00.379 [5280:9028:0306/202500.379:ERROR:chrome_browser_main_extra_parts_metrics.cc(239)] END: GetDefaultBrowser()
Mar 06, 2022 20:25:00.429 [5280:988:0306/202500.428:ERROR:device_event_log_impl.cc(214)] [20:25:00.428] USB: usb_device_handle_win.cc:1049 Failed to read descriptor from node connection: A device attached to the system is not functioning. (0x1F)
Mar 06, 2022 20:25:00.430 [5280:988:0306/202500.429:ERROR:device_event_log_impl.cc(214)] [20:25:00.429] USB: usb_device_handle_win.cc:1049 Failed to read descriptor from node connection: A device attached to the system is not functioning. (0x1F)
Mar 06, 2022 20:25:00.521 [5280:988:0306/202500.517:ERROR:device_event_log_impl.cc(214)] [20:25:00.516] Bluetooth: bluetooth_adapter_winrt.cc:1206 Getting Radio failed. Chrome will be unable to change the power state by itself.
Mar 06, 2022 20:25:00.605 [5280:988:0306/202500.603:ERROR:device_event_log_impl.cc(214)] [20:25:00.603] Bluetooth: bluetooth_adapter_winrt.cc:1299 OnPoweredRadiosEnumerated(), Number of Powered Radios: 0
Mar 06, 2022 20:26:09.440 [5280:988:0306/202609.435:ERROR:device_event_log_impl.cc(214)] [20:26:09.435] USB: usb_service_win.cc:260 Failed to get device driver name: Element not found. (0x490)

Mar 07, 2022 12:02:52.229 NEW SESSION
Mar 07, 2022 12:02:52.229 [8368:4772:0307/120252.219:ERROR:chrome_browser_main_extra_parts_metrics.cc(227)] START: ReportBluetoothAvailability(). If you don't see the END: message, this is crbug.com/1216328.
Mar 07, 2022 12:02:52.231 [8368:4772:0307/120252.219:ERROR:chrome_browser_main_extra_parts_metrics.cc(230)] END: ReportBluetoothAvailability()
Mar 07, 2022 12:02:52.232 [8368:4772:0307/120252.219:ERROR:chrome_browser_main_extra_parts_metrics.cc(235)] START: GetDefaultBrowser(). If you don't see the END: message, this is crbug.com/1216328.
Mar 07, 2022 12:02:52.248 [8368:4772:0307/120252.248:ERROR:chrome_browser_main_extra_parts_metrics.cc(239)] END: GetDefaultBrowser()
Mar 07, 2022 12:02:52.334 [8368:5224:0307/120252.333:ERROR:device_event_log_impl.cc(214)] [12:02:52.333] USB: usb_device_handle_win.cc:1049 Failed to read descriptor from node connection: A device attached to the system is not functioning. (0x1F)
Mar 07, 2022 12:02:52.335 [8368:5224:0307/120252.334:ERROR:device_event_log_impl.cc(214)] [12:02:52.335] USB: usb_device_handle_win.cc:1049 Failed to read descriptor from node connection: A device attached to the system is not functioning. (0x1F)
Mar 07, 2022 12:02:52.360 [8368:5224:0307/120252.359:ERROR:device_event_log_impl.cc(214)] [12:02:52.359] Bluetooth: bluetooth_adapter_winrt.cc:1206 Getting Radio failed. Chrome will be unable to change the power state by itself.
Mar 07, 2022 12:02:52.425 [8368:5224:0307/120252.423:ERROR:device_event_log_impl.cc(214)] [12:02:52.422] Bluetooth: bluetooth_adapter_winrt.cc:1299 OnPoweredRadiosEnumerated(), Number of Powered Radios: 0
Mar 07, 2022 15:23:34.300 [8368:5224:0307/152334.284:ERROR:device_event_log_impl.cc(214)] [15:23:34.280] USB: usb_service_win.cc:260 Failed to get device driver name: Element not found. (0x490)

Mar 28, 2022 13:12:09.693 NEW SESSION
Mar 28, 2022 13:12:09.700 [12072:10896:0328/131209.633:ERROR:device_event_log_impl.cc(214)] [13:12:09.633] USB: usb_device_handle_win.cc:1049 Failed to read descriptor from node connection: A device attached to the system is not functioning. (0x1F)
Mar 28, 2022 13:12:09.825 [12072:10896:0328/131209.824:ERROR:device_event_log_impl.cc(214)] [13:12:09.825] Bluetooth: bluetooth_adapter_winrt.cc:1206 Getting Radio failed. Chrome will be unable to change the power state by itself.
Mar 28, 2022 13:12:09.915 [12072:10896:0328/131209.910:ERROR:device_event_log_impl.cc(214)] [13:12:09.911] Bluetooth: bluetooth_adapter_winrt.cc:1284 OnPoweredRadioAdded(), Number of Powered Radios: 1
Mar 28, 2022 13:12:09.919 [12072:10896:0328/131209.913:ERROR:device_event_log_impl.cc(214)] [13:12:09.914] Bluetooth: bluetooth_adapter_winrt.cc:1299 OnPoweredRadiosEnumerated(), Number of Powered Radios: 1

Apr 03, 2023 16:44:06.62 NEW SESSION
Apr 03, 2023 16:44:06.62 [6500:7456:0403/164406.059:ERROR:device_event_log_impl.cc(222)] [16:44:06.059] USB: usb_device_handle_win.cc:1046 Failed to read descriptor from node connection: A device attached to the system is not functioning. (0x1F)
Apr 03, 2023 16:44:06.64 [6500:7456:0403/164406.061:ERROR:device_event_log_impl.cc(222)] [16:44:06.061] USB: usb_device_handle_win.cc:1046 Failed to read descriptor from node connection: A device attached to the system is not functioning. (0x1F)
Apr 03, 2023 16:44:06.64 [6500:7456:0403/164406.061:ERROR:device_event_log_impl.cc(222)] [16:44:06.061] USB: usb_device_handle_win.cc:1046 Failed to read descriptor from node connection: A device attached to the system is not functioning. (0x1F)
Apr 03, 2023 16:44:06.584 INFO: Created TensorFlow Lite XNNPACK delegate for CPU.
